<?xml version="1.0" encoding="UTF-8"?>
<testng-results skipped="0" failed="0" total="1" passed="1">
  <reporter-output>
  </reporter-output>
  <suite name="Default suite" duration-ms="15743" started-at="2021-11-05T18:14:34Z" finished-at="2021-11-05T18:14:50Z">
    <groups>
    </groups>
    <test name="Default test" duration-ms="15743" started-at="2021-11-05T18:14:34Z" finished-at="2021-11-05T18:14:50Z">
      <class name="com.technocredits.orangehrm.testscripts.PLM_EmployeeListTest">
        <test-method status="PASS" signature="setUp()[pri:0, instance:com.technocredits.orangehrm.testscripts.PLM_EmployeeListTest@396a51ab]" name="setUp" is-config="true" duration-ms="11577" started-at="2021-11-05T23:44:34Z" finished-at="2021-11-05T23:44:46Z">
          <reporter-output>
          </reporter-output>
        </test-method> <!-- setUp -->
        <test-method status="PASS" signature="verifyEmpCreated()[pri:0, instance:com.technocredits.orangehrm.testscripts.PLM_EmployeeListTest@396a51ab]" name="verifyEmpCreated" duration-ms="4146" started-at="2021-11-05T23:44:46Z" finished-at="2021-11-05T23:44:50Z">
          <reporter-output>
          </reporter-output>
        </test-method> <!-- verifyEmpCreated -->
      </class> <!-- com.technocredits.orangehrm.testscripts.PLM_EmployeeListTest -->
    </test> <!-- Default test -->
  </suite> <!-- Default suite -->
</testng-results>
